[INFO  - 2018-11-16T11:04:31.857Z] GhostDriver - Main - running on port 42079
[INFO  - 2018-11-16T11:04:32.723Z] Session [657e20c0-e98f-11e8-abae-a105aebeb8bc] - page.settings - {"XSSAuditingEnabled":false,"javascriptCanCloseWindows":true,"javascriptCanOpenWindows":true,"javascriptEnabled":true,"loadImages":true,"localToRemoteUrlAccessEnabled":false,"userAgent":"Mozilla/5.0 (Unknown; Linux x86_64) AppleWebKit/538.1 (KHTML, like Gecko) PhantomJS/2.1.1 Safari/538.1","webSecurityEnabled":true}
[INFO  - 2018-11-16T11:04:32.724Z] Session [657e20c0-e98f-11e8-abae-a105aebeb8bc] - page.customHeaders:  - {}
[INFO  - 2018-11-16T11:04:32.724Z] Session [657e20c0-e98f-11e8-abae-a105aebeb8bc] - Session.negotiatedCapabilities - {"browserName":"phantomjs","version":"2.1.1","driverName":"ghostdriver","driverVersion":"1.2.0","platform":"linux-unknown-64bit","javascriptEnabled":true,"takesScreenshot":true,"handlesAlerts":false,"databaseEnabled":false,"locationContextEnabled":false,"applicationCacheEnabled":false,"browserConnectionEnabled":false,"cssSelectorsEnabled":true,"webStorageEnabled":false,"rotatable":false,"acceptSslCerts":false,"nativeEvents":true,"proxy":{"proxyType":"direct"}}
[INFO  - 2018-11-16T11:04:32.724Z] SessionManagerReqHand - _postNewSessionCommand - New Session Created: 657e20c0-e98f-11e8-abae-a105aebeb8bc
[ERROR - 2018-11-16T11:04:33.726Z] Session [657e20c0-e98f-11e8-abae-a105aebeb8bc] - page.onError - msg: TypeError: null is not an object (evaluating 'da_ua.match(/Version\/([0-9\.]+)/i)[1]')

  phantomjs://platform/console++.js:263 in error
[ERROR - 2018-11-16T11:04:33.726Z] Session [657e20c0-e98f-11e8-abae-a105aebeb8bc] - page.onError - stack:
  searchBrowserVersion (https://ssl.pstatic.net/tveta/libs/assets/js/pc/main/min/pc.veta.core.min.js?20170807:1)
  init (https://ssl.pstatic.net/tveta/libs/assets/js/pc/main/min/pc.veta.core.min.js?20170807:1)

  phantomjs://platform/console++.js:263 in error
[ERROR - 2018-11-16T11:04:33.795Z] Session [657e20c0-e98f-11e8-abae-a105aebeb8bc] - page.onError - msg: TypeError: null is not an object (evaluating 'da_ua.match(/Version\/([0-9\.]+)/i)[1]')

  phantomjs://platform/console++.js:263 in error
[ERROR - 2018-11-16T11:04:33.795Z] Session [657e20c0-e98f-11e8-abae-a105aebeb8bc] - page.onError - stack:
  searchBrowserVersion (https://ssl.pstatic.net/tveta/libs/assets/js/pc/main/min/pc.veta.core.min.js?20170323:1)
  init (https://ssl.pstatic.net/tveta/libs/assets/js/pc/main/min/pc.veta.core.min.js?20170323:1)

  phantomjs://platform/console++.js:263 in error
[ERROR - 2018-11-16T11:04:33.797Z] Session [657e20c0-e98f-11e8-abae-a105aebeb8bc] - page.onError - msg: TypeError: undefined is not a constructor (evaluating 'new Nimp')

  phantomjs://platform/console++.js:263 in error
[ERROR - 2018-11-16T11:04:33.797Z] Session [657e20c0-e98f-11e8-abae-a105aebeb8bc] - page.onError - stack:
  initAd (https://nv.veta.naver.com/fxshow?su=SU10078&nrefreshx=0:29)
  lazyLoading (https://nv.veta.naver.com/fxshow?su=SU10078&nrefreshx=0:24)
  onload (https://nv.veta.naver.com/fxshow?su=SU10078&nrefreshx=0:112)

  phantomjs://platform/console++.js:263 in error
[ERROR - 2018-11-16T11:04:33.851Z] Session [657e20c0-e98f-11e8-abae-a105aebeb8bc] - page.onError - msg: TypeError: undefined is not a function (evaluating 'naver_corp_da.loadScript(urlArr[i], function() {
				loadingCount++;
				if(loadingCount === resourceCnt) callback();
			})')

  phantomjs://platform/console++.js:263 in error
[ERROR - 2018-11-16T11:04:33.851Z] Session [657e20c0-e98f-11e8-abae-a105aebeb8bc] - page.onError - stack:
  loadScripts (https://nv.veta.naver.com/fxshow?su=SU10079&nrefreshx=0:42)
  lazyLoading (https://nv.veta.naver.com/fxshow?su=SU10079&nrefreshx=0:25)
  onload (https://nv.veta.naver.com/fxshow?su=SU10079&nrefreshx=0:99)

  phantomjs://platform/console++.js:263 in error
[ERROR - 2018-11-16T11:04:33.860Z] Session [657e20c0-e98f-11e8-abae-a105aebeb8bc] - page.onError - msg: TypeError: null is not an object (evaluating 'da_ua.match(/Version\/([0-9\.]+)/i)[1]')

  phantomjs://platform/console++.js:263 in error
[ERROR - 2018-11-16T11:04:33.861Z] Session [657e20c0-e98f-11e8-abae-a105aebeb8bc] - page.onError - stack:
  searchBrowserVersion (https://ssl.pstatic.net/tveta/libs/assets/js/pc/main/min/pc.veta.core.min.js?20170222:1)
  init (https://ssl.pstatic.net/tveta/libs/assets/js/pc/main/min/pc.veta.core.min.js?20170222:1)

  phantomjs://platform/console++.js:263 in error
[ERROR - 2018-11-16T11:04:35.600Z] Session [657e20c0-e98f-11e8-abae-a105aebeb8bc] - page.onError - msg: TypeError: null is not an object (evaluating 'da_ua.match(/Version\/([0-9\.]+)/i)[1]')

  phantomjs://platform/console++.js:263 in error
[ERROR - 2018-11-16T11:04:35.600Z] Session [657e20c0-e98f-11e8-abae-a105aebeb8bc] - page.onError - stack:
  searchBrowserVersion (https://ssl.pstatic.net/tveta/libs/assets/js/pc/main/min/pc.veta.core.min.js?20180330:1)
  init (https://ssl.pstatic.net/tveta/libs/assets/js/pc/main/min/pc.veta.core.min.js?20180330:1)

  phantomjs://platform/console++.js:263 in error
[ERROR - 2018-11-16T11:04:36.013Z] Session [657e20c0-e98f-11e8-abae-a105aebeb8bc] - page.onError - msg: TypeError: undefined is not a constructor (evaluating 'new NBP_CORP.Nimp()')

  phantomjs://platform/console++.js:263 in error
[ERROR - 2018-11-16T11:04:36.015Z] Session [657e20c0-e98f-11e8-abae-a105aebeb8bc] - page.onError - stack:
  (anonymous function) (undefined:15)

  phantomjs://platform/console++.js:263 in error
